<?xml version="1.0" encoding="UTF-8"?>
<!-- Generated by org.testng.reporters.JUnitXMLReporter -->
<testsuite ignored="0" hostname="RCR-PF2T9VXJ" failures="0" tests="2" name="Default test" time="29.529" errors="0" timestamp="2023-03-27T16:23:09 CDT">
  <testcase classname="PilotMobileAutomation.ASBMobileTesting.LoginASB" name="VerifyLogin" time="2.202"/>
  <testcase classname="PilotMobileAutomation.ASBMobileTesting.ViewTransfersPage" name="TransferMoneyPage" time="6.431"/>
</testsuite> <!-- Default test -->
