<?xml version="1.0" encoding="UTF-8"?>
<testng-results ignored="0" total="2" passed="2" failed="0" skipped="0">
  <reporter-output>
  </reporter-output>
  <suite started-at="2023-03-27T16:22:39 CDT" name="Default suite" finished-at="2023-03-27T16:23:09 CDT" duration-ms="29529">
    <groups>
    </groups>
    <test started-at="2023-03-27T16:22:39 CDT" name="Default test" finished-at="2023-03-27T16:23:09 CDT" duration-ms="29529">
      <class name="PilotMobileAutomation.ASBMobileTesting.ViewTransfersPage">
        <test-method is-config="true" signature="ConfigureAppium()[pri:0, instance:PilotMobileAutomation.ASBMobileTesting.ViewTransfersPage@45099dd3]" started-at="2023-03-27T16:22:39 CDT" name="ConfigureAppium" finished-at="2023-03-27T16:22:46 CDT" duration-ms="6651" status="PASS">
          <reporter-output>
          </reporter-output>
        </test-method> <!-- ConfigureAppium -->
        <test-method is-config="true" signature="LoginToASB()[pri:0, instance:PilotMobileAutomation.ASBMobileTesting.ViewTransfersPage@45099dd3]" started-at="2023-03-27T16:22:46 CDT" name="LoginToASB" finished-at="2023-03-27T16:23:00 CDT" duration-ms="13926" status="PASS">
          <reporter-output>
          </reporter-output>
        </test-method> <!-- LoginToASB -->
        <test-method signature="VerifyLogin()[pri:0, instance:PilotMobileAutomation.ASBMobileTesting.ViewTransfersPage@45099dd3]" started-at="2023-03-27T16:23:00 CDT" name="VerifyLogin" finished-at="2023-03-27T16:23:02 CDT" duration-ms="2202" status="PASS">
          <reporter-output>
          </reporter-output>
        </test-method> <!-- VerifyLogin -->
        <test-method signature="TransferMoneyPage()[pri:0, instance:PilotMobileAutomation.ASBMobileTesting.ViewTransfersPage@45099dd3]" started-at="2023-03-27T16:23:02 CDT" name="TransferMoneyPage" finished-at="2023-03-27T16:23:08 CDT" duration-ms="6431" status="PASS">
          <reporter-output>
          </reporter-output>
        </test-method> <!-- TransferMoneyPage -->
        <test-method is-config="true" signature="tearDown()[pri:0, instance:PilotMobileAutomation.ASBMobileTesting.ViewTransfersPage@45099dd3]" started-at="2023-03-27T16:23:08 CDT" name="tearDown" finished-at="2023-03-27T16:23:09 CDT" duration-ms="276" status="PASS">
          <reporter-output>
          </reporter-output>
        </test-method> <!-- tearDown -->
      </class> <!-- PilotMobileAutomation.ASBMobileTesting.ViewTransfersPage -->
    </test> <!-- Default test -->
  </suite> <!-- Default suite -->
</testng-results>
